

Started GET "/animals" for 127.0.0.1 at 2014-01-22 01:20:14 +0100

ActiveRecord::PendingMigrationError (Migrations are pending; run 'bin/rake db:migrate RAILS_ENV=development' to resolve this issue.):
  activerecord (4.0.1) lib/active_record/migration.rb:379:in `check_pending!'
  activerecord (4.0.1) lib/active_record/migration.rb:366:in `call'
  actionpack (4.0.1) lib/action_dispatch/middleware/callbacks.rb:29:in `block in call'
  activesupport (4.0.1) lib/active_support/callbacks.rb:373:in `_run__3077983545007086838__call__callbacks'
  activesupport (4.0.1) lib/active_support/callbacks.rb:80:in `run_callbacks'
  actionpack (4.0.1) lib/action_dispatch/middleware/callbacks.rb:27:in `call'
  actionpack (4.0.1) lib/action_dispatch/middleware/reloader.rb:64:in `call'
  actionpack (4.0.1) lib/action_dispatch/middleware/remote_ip.rb:76:in `call'
  actionpack (4.0.1) lib/action_dispatch/middleware/debug_exceptions.rb:17:in `call'
  actionpack (4.0.1) lib/action_dispatch/middleware/show_exceptions.rb:30:in `call'
  railties (4.0.1) lib/rails/rack/logger.rb:38:in `call_app'
  railties (4.0.1) lib/rails/rack/logger.rb:20:in `block in call'
  activesupport (4.0.1) lib/active_support/tagged_logging.rb:67:in `block in tagged'
  activesupport (4.0.1) lib/active_support/tagged_logging.rb:25:in `tagged'
  activesupport (4.0.1) lib/active_support/tagged_logging.rb:67:in `tagged'
  railties (4.0.1) lib/rails/rack/logger.rb:20:in `call'
  actionpack (4.0.1) lib/action_dispatch/middleware/request_id.rb:21:in `call'
  rack (1.5.2) lib/rack/methodoverride.rb:21:in `call'
  rack (1.5.2) lib/rack/runtime.rb:17:in `call'
  activesupport (4.0.1) lib/active_support/cache/strategy/local_cache.rb:83:in `call'
  rack (1.5.2) lib/rack/lock.rb:17:in `call'
  actionpack (4.0.1) lib/action_dispatch/middleware/static.rb:64:in `call'
  rack (1.5.2) lib/rack/sendfile.rb:112:in `call'
  railties (4.0.1) lib/rails/engine.rb:511:in `call'
  railties (4.0.1) lib/rails/application.rb:97:in `call'
  rack (1.5.2) lib/rack/lock.rb:17:in `call'
  rack (1.5.2) lib/rack/content_length.rb:14:in `call'
  rack (1.5.2) lib/rack/handler/webrick.rb:60:in `service'
  /home/michele/.rvm/rubies/ruby-2.0.0-p247/lib/ruby/2.0.0/webrick/httpserver.rb:138:in `service'
  /home/michele/.rvm/rubies/ruby-2.0.0-p247/lib/ruby/2.0.0/webrick/httpserver.rb:94:in `run'
  /home/michele/.rvm/rubies/ruby-2.0.0-p247/lib/ruby/2.0.0/webrick/server.rb:295:in `block in start_thread'


  Rendered /home/michele/.rvm/gems/ruby-2.0.0-p247/gems/actionpack-4.0.1/lib/action_dispatch/middleware/templates/rescues/_source.erb (1.0ms)
  Rendered /home/michele/.rvm/gems/ruby-2.0.0-p247/gems/actionpack-4.0.1/lib/action_dispatch/middleware/templates/rescues/_trace.erb (1.3ms)
  Rendered /home/michele/.rvm/gems/ruby-2.0.0-p247/gems/actionpack-4.0.1/lib/action_dispatch/middleware/templates/rescues/_request_and_response.erb (1.4ms)
  Rendered /home/michele/.rvm/gems/ruby-2.0.0-p247/gems/actionpack-4.0.1/lib/action_dispatch/middleware/templates/rescues/diagnostics.erb within rescues/layout (44.7ms)
  [1m[36m (108.6ms)[0m  [1mCREATE TABLE "schema_migrations" ("version" varchar(255) NOT NULL) [0m
  [1m[35m (101.0ms)[0m  CREATE UNIQUE INDEX "unique_schema_migrations" ON "schema_migrations" ("version")
  [1m[36mActiveRecord::SchemaMigration Load (0.2ms)[0m  [1mSELECT "schema_migrations".* FROM "schema_migrations"[0m
Migrating to CreateAnimals (20140122001958)
  [1m[35m (0.2ms)[0m  begin transaction
  [1m[36m (0.8ms)[0m  [1mCREATE TABLE "animals" ("id" INTEGER PRIMARY KEY AUTOINCREMENT NOT NULL, "name" varchar(255), "image" varchar(255), "sound" varchar(255), "created_at" datetime, "updated_at" datetime) [0m
  [1m[35mSQL (0.4ms)[0m  INSERT INTO "schema_migrations" ("version") VALUES (?)  [["version", "20140122001958"]]
  [1m[36m (116.4ms)[0m  [1mcommit transaction[0m
  [1m[35mActiveRecord::SchemaMigration Load (0.2ms)[0m  SELECT "schema_migrations".* FROM "schema_migrations"


Started GET "/animals" for 127.0.0.1 at 2014-01-22 01:20:35 +0100
  [1m[36mActiveRecord::SchemaMigration Load (0.1ms)[0m  [1mSELECT "schema_migrations".* FROM "schema_migrations"[0m
Processing by AnimalsController#index as HTML
  [1m[35mAnimal Load (0.2ms)[0m  SELECT "animals".* FROM "animals"
  Rendered animals/index.html.erb within layouts/application (2.9ms)
Completed 200 OK in 819ms (Views: 794.9ms | ActiveRecord: 0.2ms)


Started GET "/assets/application.css?body=1" for 127.0.0.1 at 2014-01-22 01:20:37 +0100


Started GET "/assets/animals.css?body=1" for 127.0.0.1 at 2014-01-22 01:20:37 +0100


Started GET "/assets/scaffolds.css?body=1" for 127.0.0.1 at 2014-01-22 01:20:37 +0100


Started GET "/assets/jquery.js?body=1" for 127.0.0.1 at 2014-01-22 01:20:37 +0100


Started GET "/assets/jquery_ujs.js?body=1" for 127.0.0.1 at 2014-01-22 01:20:37 +0100


Started GET "/assets/turbolinks.js?body=1" for 127.0.0.1 at 2014-01-22 01:20:37 +0100


Started GET "/assets/animals.js?body=1" for 127.0.0.1 at 2014-01-22 01:20:37 +0100


Started GET "/assets/application.js?body=1" for 127.0.0.1 at 2014-01-22 01:20:37 +0100
  [1m[36mActiveRecord::SchemaMigration Load (0.1ms)[0m  [1mSELECT "schema_migrations".* FROM "schema_migrations"[0m
Migrating to CreateQuizzes (20140122003415)
  [1m[35m (0.1ms)[0m  begin transaction
  [1m[36m (0.5ms)[0m  [1mCREATE TABLE "quizzes" ("id" INTEGER PRIMARY KEY AUTOINCREMENT NOT NULL, "animal_id" integer, "alternative_id" integer, "difficulty" varchar(255), "created_at" datetime, "updated_at" datetime) [0m
  [1m[35mSQL (0.3ms)[0m  INSERT INTO "schema_migrations" ("version") VALUES (?)  [["version", "20140122003415"]]
  [1m[36m (159.0ms)[0m  [1mcommit transaction[0m
  [1m[35mActiveRecord::SchemaMigration Load (0.2ms)[0m  SELECT "schema_migrations".* FROM "schema_migrations"


Started GET "/animals" for 127.0.0.1 at 2014-01-22 01:34:58 +0100
  [1m[36mActiveRecord::SchemaMigration Load (0.2ms)[0m  [1mSELECT "schema_migrations".* FROM "schema_migrations"[0m
Processing by AnimalsController#index as HTML
  [1m[35mAnimal Load (0.2ms)[0m  SELECT "animals".* FROM "animals"
  Rendered animals/index.html.erb within layouts/application (3.3ms)
Completed 200 OK in 238ms (Views: 214.4ms | ActiveRecord: 0.2ms)


Started GET "/assets/application.css?body=1" for 127.0.0.1 at 2014-01-22 01:34:59 +0100


Started GET "/assets/quizzes.css?body=1" for 127.0.0.1 at 2014-01-22 01:34:59 +0100


Started GET "/assets/animals.css?body=1" for 127.0.0.1 at 2014-01-22 01:34:59 +0100


Started GET "/assets/jquery.js?body=1" for 127.0.0.1 at 2014-01-22 01:34:59 +0100


Started GET "/assets/scaffolds.css?body=1" for 127.0.0.1 at 2014-01-22 01:34:59 +0100


Started GET "/assets/jquery_ujs.js?body=1" for 127.0.0.1 at 2014-01-22 01:34:59 +0100


Started GET "/assets/turbolinks.js?body=1" for 127.0.0.1 at 2014-01-22 01:34:59 +0100


Started GET "/assets/animals.js?body=1" for 127.0.0.1 at 2014-01-22 01:34:59 +0100


Started GET "/assets/quizzes.js?body=1" for 127.0.0.1 at 2014-01-22 01:34:59 +0100


Started GET "/assets/application.js?body=1" for 127.0.0.1 at 2014-01-22 01:34:59 +0100


Started GET "/quizzes" for 127.0.0.1 at 2014-01-22 01:35:03 +0100
Processing by QuizzesController#index as HTML
  [1m[36mQuiz Load (0.4ms)[0m  [1mSELECT "quizzes".* FROM "quizzes"[0m
  Rendered quizzes/index.html.erb within layouts/application (3.3ms)
Completed 200 OK in 16ms (Views: 11.5ms | ActiveRecord: 0.4ms)


Started GET "/assets/application.css?body=1" for 127.0.0.1 at 2014-01-22 01:35:03 +0100


Started GET "/assets/animals.css?body=1" for 127.0.0.1 at 2014-01-22 01:35:03 +0100


Started GET "/assets/scaffolds.css?body=1" for 127.0.0.1 at 2014-01-22 01:35:03 +0100


Started GET "/assets/jquery.js?body=1" for 127.0.0.1 at 2014-01-22 01:35:03 +0100


Started GET "/assets/quizzes.css?body=1" for 127.0.0.1 at 2014-01-22 01:35:03 +0100


Started GET "/assets/turbolinks.js?body=1" for 127.0.0.1 at 2014-01-22 01:35:03 +0100


Started GET "/assets/jquery_ujs.js?body=1" for 127.0.0.1 at 2014-01-22 01:35:03 +0100


Started GET "/assets/animals.js?body=1" for 127.0.0.1 at 2014-01-22 01:35:03 +0100


Started GET "/assets/quizzes.js?body=1" for 127.0.0.1 at 2014-01-22 01:35:03 +0100


Started GET "/assets/application.js?body=1" for 127.0.0.1 at 2014-01-22 01:35:03 +0100


Started GET "/quizzes/new" for 127.0.0.1 at 2014-01-22 01:35:18 +0100
Processing by QuizzesController#new as HTML
  Rendered quizzes/_form.html.erb (337.7ms)
  Rendered quizzes/new.html.erb within layouts/application (343.9ms)
Completed 200 OK in 360ms (Views: 356.4ms | ActiveRecord: 0.8ms)


Started GET "/quizzes" for 127.0.0.1 at 2014-01-22 01:38:13 +0100
  [1m[36mActiveRecord::SchemaMigration Load (0.1ms)[0m  [1mSELECT "schema_migrations".* FROM "schema_migrations"[0m
Processing by QuizzesController#index as HTML
  [1m[35mQuiz Load (0.2ms)[0m  SELECT "quizzes".* FROM "quizzes"
  Rendered quizzes/index.html.erb within layouts/application (3.1ms)
Completed 200 OK in 130ms (Views: 86.9ms | ActiveRecord: 0.2ms)


Started GET "/assets/application.css?body=1" for 127.0.0.1 at 2014-01-22 01:38:13 +0100


Started GET "/assets/animals.css?body=1" for 127.0.0.1 at 2014-01-22 01:38:13 +0100


Started GET "/assets/scaffolds.css?body=1" for 127.0.0.1 at 2014-01-22 01:38:13 +0100


Started GET "/assets/quizzes.css?body=1" for 127.0.0.1 at 2014-01-22 01:38:13 +0100


Started GET "/assets/jquery.js?body=1" for 127.0.0.1 at 2014-01-22 01:38:13 +0100


Started GET "/assets/jquery_ujs.js?body=1" for 127.0.0.1 at 2014-01-22 01:38:13 +0100


Started GET "/assets/turbolinks.js?body=1" for 127.0.0.1 at 2014-01-22 01:38:13 +0100


Started GET "/assets/animals.js?body=1" for 127.0.0.1 at 2014-01-22 01:38:13 +0100


Started GET "/assets/quizzes.js?body=1" for 127.0.0.1 at 2014-01-22 01:38:13 +0100


Started GET "/assets/application.js?body=1" for 127.0.0.1 at 2014-01-22 01:38:13 +0100


Started GET "/quizzes/new" for 127.0.0.1 at 2014-01-22 01:38:15 +0100
Processing by QuizzesController#new as HTML
  Rendered quizzes/_form.html.erb (25.5ms)
  Rendered quizzes/new.html.erb within layouts/application (29.4ms)
Completed 200 OK in 39ms (Views: 36.3ms | ActiveRecord: 0.5ms)
  [1m[36mActiveRecord::SchemaMigration Load (0.2ms)[0m  [1mSELECT "schema_migrations".* FROM "schema_migrations"[0m
Migrating to CreateUsers (20140122003416)
  [1m[35m (0.1ms)[0m  begin transaction
  [1m[36m (0.6ms)[0m  [1mCREATE TABLE "users" ("id" INTEGER PRIMARY KEY AUTOINCREMENT NOT NULL, "username" varchar(255), "password" varchar(255), "max_easy" integer, "max_medium" integer, "max_hard" integer, "created_at" datetime, "updated_at" datetime) [0m
  [1m[35mSQL (0.4ms)[0m  INSERT INTO "schema_migrations" ("version") VALUES (?)  [["version", "20140122003416"]]
  [1m[36m (302.6ms)[0m  [1mcommit transaction[0m
  [1m[35mActiveRecord::SchemaMigration Load (0.1ms)[0m  SELECT "schema_migrations".* FROM "schema_migrations"


Started GET "/users/" for 127.0.0.1 at 2014-01-22 00:53:05 +0100
  [1m[36mActiveRecord::SchemaMigration Load (0.2ms)[0m  [1mSELECT "schema_migrations".* FROM "schema_migrations"[0m
Processing by UsersController#index as HTML
  [1m[35mUser Load (0.2ms)[0m  SELECT "users".* FROM "users"
  Rendered users/index.html.erb within layouts/application (4.5ms)
Completed 200 OK in 760ms (Views: 731.8ms | ActiveRecord: 0.2ms)


Started GET "/assets/application.css?body=1" for 127.0.0.1 at 2014-01-22 00:53:07 +0100


Started GET "/assets/animals.css?body=1" for 127.0.0.1 at 2014-01-22 00:53:07 +0100


Started GET "/assets/scaffolds.css?body=1" for 127.0.0.1 at 2014-01-22 00:53:07 +0100


Started GET "/assets/quizzes.css?body=1" for 127.0.0.1 at 2014-01-22 00:53:07 +0100


Started GET "/assets/jquery_ujs.js?body=1" for 127.0.0.1 at 2014-01-22 00:53:07 +0100


Started GET "/assets/turbolinks.js?body=1" for 127.0.0.1 at 2014-01-22 00:53:07 +0100


Started GET "/assets/jquery.js?body=1" for 127.0.0.1 at 2014-01-22 00:53:07 +0100


Started GET "/assets/animals.js?body=1" for 127.0.0.1 at 2014-01-22 00:53:07 +0100


Started GET "/assets/quizzes.js?body=1" for 127.0.0.1 at 2014-01-22 00:53:07 +0100


Started GET "/assets/users.js?body=1" for 127.0.0.1 at 2014-01-22 00:53:07 +0100


Started GET "/assets/application.js?body=1" for 127.0.0.1 at 2014-01-22 00:53:07 +0100
  [1m[36mActiveRecord::SchemaMigration Load (0.2ms)[0m  [1mSELECT "schema_migrations".* FROM "schema_migrations"[0m
Migrating to AddDeviseToUsers (20140122205712)
  [1m[35m (0.1ms)[0m  begin transaction
  [1m[36m (0.5ms)[0m  [1mALTER TABLE "users" ADD "email" varchar(255) DEFAULT '' NOT NULL[0m
  [1m[35m (0.3ms)[0m  ALTER TABLE "users" ADD "encrypted_password" varchar(255) DEFAULT '' NOT NULL
  [1m[36m (0.3ms)[0m  [1mALTER TABLE "users" ADD "reset_password_token" varchar(255)[0m
  [1m[35m (0.3ms)[0m  ALTER TABLE "users" ADD "reset_password_sent_at" datetime
  [1m[36m (0.3ms)[0m  [1mALTER TABLE "users" ADD "remember_created_at" datetime[0m
  [1m[35m (0.6ms)[0m  ALTER TABLE "users" ADD "sign_in_count" integer DEFAULT 0 NOT NULL
  [1m[36m (0.3ms)[0m  [1mALTER TABLE "users" ADD "current_sign_in_at" datetime[0m
  [1m[35m (0.3ms)[0m  ALTER TABLE "users" ADD "last_sign_in_at" datetime
  [1m[36m (0.2ms)[0m  [1mALTER TABLE "users" ADD "current_sign_in_ip" varchar(255)[0m
  [1m[35m (0.3ms)[0m  ALTER TABLE "users" ADD "last_sign_in_ip" varchar(255)
  [1m[36m (0.3ms)[0m  [1mCREATE UNIQUE INDEX "index_users_on_email" ON "users" ("email")[0m
  [1m[35m (0.2ms)[0m  CREATE UNIQUE INDEX "index_users_on_reset_password_token" ON "users" ("reset_password_token")
  [1m[36mSQL (0.6ms)[0m  [1mINSERT INTO "schema_migrations" ("version") VALUES (?)[0m  [["version", "20140122205712"]]
  [1m[35m (130.2ms)[0m  commit transaction
  [1m[36mActiveRecord::SchemaMigration Load (0.1ms)[0m  [1mSELECT "schema_migrations".* FROM "schema_migrations"[0m


Started GET "/animals" for 127.0.0.1 at 2014-01-22 22:00:31 +0100
  [1m[36mActiveRecord::SchemaMigration Load (0.7ms)[0m  [1mSELECT "schema_migrations".* FROM "schema_migrations"[0m
Processing by AnimalsController#index as HTML
  [1m[35mAnimal Load (0.2ms)[0m  SELECT "animals".* FROM "animals"
  Rendered animals/index.html.erb within layouts/application (3.5ms)
Completed 200 OK in 285ms (Views: 256.5ms | ActiveRecord: 0.2ms)


Started GET "/assets/application.css?body=1" for 127.0.0.1 at 2014-01-22 22:00:32 +0100


Started GET "/assets/scaffolds.css?body=1" for 127.0.0.1 at 2014-01-22 22:00:32 +0100


Started GET "/assets/jquery.js?body=1" for 127.0.0.1 at 2014-01-22 22:00:32 +0100


Started GET "/assets/jquery_ujs.js?body=1" for 127.0.0.1 at 2014-01-22 22:00:32 +0100


Started GET "/assets/animals.css?body=1" for 127.0.0.1 at 2014-01-22 22:00:32 +0100


Started GET "/assets/quizzes.css?body=1" for 127.0.0.1 at 2014-01-22 22:00:32 +0100


Started GET "/assets/turbolinks.js?body=1" for 127.0.0.1 at 2014-01-22 22:00:32 +0100


Started GET "/assets/animals.js?body=1" for 127.0.0.1 at 2014-01-22 22:00:32 +0100


Started GET "/assets/quizzes.js?body=1" for 127.0.0.1 at 2014-01-22 22:00:32 +0100


Started GET "/assets/users.js?body=1" for 127.0.0.1 at 2014-01-22 22:00:32 +0100


Started GET "/assets/application.js?body=1" for 127.0.0.1 at 2014-01-22 22:00:32 +0100


Started GET "/users/" for 127.0.0.1 at 2014-01-22 22:00:37 +0100
Processing by UsersController#index as HTML
  [1m[36mUser Load (0.4ms)[0m  [1mSELECT "users".* FROM "users"[0m
  Rendered users/index.html.erb within layouts/application (2.9ms)
Completed 200 OK in 15ms (Views: 12.8ms | ActiveRecord: 0.4ms)


Started GET "/assets/application.css?body=1" for 127.0.0.1 at 2014-01-22 22:00:37 +0100


Started GET "/assets/jquery.js?body=1" for 127.0.0.1 at 2014-01-22 22:00:37 +0100


Started GET "/assets/animals.css?body=1" for 127.0.0.1 at 2014-01-22 22:00:37 +0100


Started GET "/assets/quizzes.css?body=1" for 127.0.0.1 at 2014-01-22 22:00:37 +0100


Started GET "/assets/scaffolds.css?body=1" for 127.0.0.1 at 2014-01-22 22:00:37 +0100


Started GET "/assets/animals.js?body=1" for 127.0.0.1 at 2014-01-22 22:00:37 +0100


Started GET "/assets/jquery_ujs.js?body=1" for 127.0.0.1 at 2014-01-22 22:00:37 +0100


Started GET "/assets/turbolinks.js?body=1" for 127.0.0.1 at 2014-01-22 22:00:37 +0100


Started GET "/assets/users.js?body=1" for 127.0.0.1 at 2014-01-22 22:00:37 +0100


Started GET "/assets/quizzes.js?body=1" for 127.0.0.1 at 2014-01-22 22:00:37 +0100


Started GET "/assets/application.js?body=1" for 127.0.0.1 at 2014-01-22 22:00:37 +0100


Started GET "/quizzes" for 127.0.0.1 at 2014-01-22 22:00:44 +0100
Processing by QuizzesController#index as HTML
  [1m[35mQuiz Load (0.2ms)[0m  SELECT "quizzes".* FROM "quizzes"
  Rendered quizzes/index.html.erb within layouts/application (2.2ms)
Completed 200 OK in 28ms (Views: 9.5ms | ActiveRecord: 0.2ms)


Started GET "/assets/animals.css?body=1" for 127.0.0.1 at 2014-01-22 22:00:44 +0100


Started GET "/assets/quizzes.css?body=1" for 127.0.0.1 at 2014-01-22 22:00:44 +0100


Started GET "/assets/jquery_ujs.js?body=1" for 127.0.0.1 at 2014-01-22 22:00:44 +0100


Started GET "/assets/application.css?body=1" for 127.0.0.1 at 2014-01-22 22:00:44 +0100


Started GET "/assets/jquery.js?body=1" for 127.0.0.1 at 2014-01-22 22:00:44 +0100


Started GET "/assets/scaffolds.css?body=1" for 127.0.0.1 at 2014-01-22 22:00:44 +0100


Started GET "/assets/turbolinks.js?body=1" for 127.0.0.1 at 2014-01-22 22:00:44 +0100


Started GET "/assets/animals.js?body=1" for 127.0.0.1 at 2014-01-22 22:00:44 +0100


Started GET "/assets/quizzes.js?body=1" for 127.0.0.1 at 2014-01-22 22:00:44 +0100


Started GET "/assets/users.js?body=1" for 127.0.0.1 at 2014-01-22 22:00:44 +0100


Started GET "/assets/application.js?body=1" for 127.0.0.1 at 2014-01-22 22:00:44 +0100


Started GET "/" for 127.0.0.1 at 2014-01-22 22:00:50 +0100

ActionController::RoutingError (uninitialized constant HomeController):
  activesupport (4.0.1) lib/active_support/inflector/methods.rb:226:in `const_get'
  activesupport (4.0.1) lib/active_support/inflector/methods.rb:226:in `block in constantize'
  activesupport (4.0.1) lib/active_support/inflector/methods.rb:224:in `each'
  activesupport (4.0.1) lib/active_support/inflector/methods.rb:224:in `inject'
  activesupport (4.0.1) lib/active_support/inflector/methods.rb:224:in `constantize'
  actionpack (4.0.1) lib/action_dispatch/routing/route_set.rb:76:in `controller_reference'
  actionpack (4.0.1) lib/action_dispatch/routing/route_set.rb:66:in `controller'
  actionpack (4.0.1) lib/action_dispatch/routing/route_set.rb:44:in `call'
  actionpack (4.0.1) lib/action_dispatch/journey/router.rb:71:in `block in call'
  actionpack (4.0.1) lib/action_dispatch/journey/router.rb:59:in `each'
  actionpack (4.0.1) lib/action_dispatch/journey/router.rb:59:in `call'
  actionpack (4.0.1) lib/action_dispatch/routing/route_set.rb:680:in `call'
  warden (1.2.3) lib/warden/manager.rb:35:in `block in call'
  warden (1.2.3) lib/warden/manager.rb:34:in `catch'
  warden (1.2.3) lib/warden/manager.rb:34:in `call'
  rack (1.5.2) lib/rack/etag.rb:23:in `call'
  rack (1.5.2) lib/rack/conditionalget.rb:25:in `call'
  rack (1.5.2) lib/rack/head.rb:11:in `call'
  actionpack (4.0.1) lib/action_dispatch/middleware/params_parser.rb:27:in `call'
  actionpack (4.0.1) lib/action_dispatch/middleware/flash.rb:241:in `call'
  rack (1.5.2) lib/rack/session/abstract/id.rb:225:in `context'
  rack (1.5.2) lib/rack/session/abstract/id.rb:220:in `call'
  actionpack (4.0.1) lib/action_dispatch/middleware/cookies.rb:486:in `call'
  activerecord (4.0.1) lib/active_record/query_cache.rb:36:in `call'
  activerecord (4.0.1) lib/active_record/connection_adapters/abstract/connection_pool.rb:626:in `call'
  activerecord (4.0.1) lib/active_record/migration.rb:369:in `call'
  actionpack (4.0.1) lib/action_dispatch/middleware/callbacks.rb:29:in `block in call'
  activesupport (4.0.1) lib/active_support/callbacks.rb:373:in `_run__2150019567681252672__call__callbacks'
  activesupport (4.0.1) lib/active_support/callbacks.rb:80:in `run_callbacks'
  actionpack (4.0.1) lib/action_dispatch/middleware/callbacks.rb:27:in `call'
  actionpack (4.0.1) lib/action_dispatch/middleware/reloader.rb:64:in `call'
  actionpack (4.0.1) lib/action_dispatch/middleware/remote_ip.rb:76:in `call'
  actionpack (4.0.1) lib/action_dispatch/middleware/debug_exceptions.rb:17:in `call'
  actionpack (4.0.1) lib/action_dispatch/middleware/show_exceptions.rb:30:in `call'
  railties (4.0.1) lib/rails/rack/logger.rb:38:in `call_app'
  railties (4.0.1) lib/rails/rack/logger.rb:20:in `block in call'
  activesupport (4.0.1) lib/active_support/tagged_logging.rb:67:in `block in tagged'
  activesupport (4.0.1) lib/active_support/tagged_logging.rb:25:in `tagged'
  activesupport (4.0.1) lib/active_support/tagged_logging.rb:67:in `tagged'
  railties (4.0.1) lib/rails/rack/logger.rb:20:in `call'
  actionpack (4.0.1) lib/action_dispatch/middleware/request_id.rb:21:in `call'
  rack (1.5.2) lib/rack/methodoverride.rb:21:in `call'
  rack (1.5.2) lib/rack/runtime.rb:17:in `call'
  activesupport (4.0.1) lib/active_support/cache/strategy/local_cache.rb:83:in `call'
  rack (1.5.2) lib/rack/lock.rb:17:in `call'
  actionpack (4.0.1) lib/action_dispatch/middleware/static.rb:64:in `call'
  rack (1.5.2) lib/rack/sendfile.rb:112:in `call'
  railties (4.0.1) lib/rails/engine.rb:511:in `call'
  railties (4.0.1) lib/rails/application.rb:97:in `call'
  rack (1.5.2) lib/rack/lock.rb:17:in `call'
  rack (1.5.2) lib/rack/content_length.rb:14:in `call'
  rack (1.5.2) lib/rack/handler/webrick.rb:60:in `service'
  /home/rita/.rvm/rubies/ruby-2.0.0-p353/lib/ruby/2.0.0/webrick/httpserver.rb:138:in `service'
  /home/rita/.rvm/rubies/ruby-2.0.0-p353/lib/ruby/2.0.0/webrick/httpserver.rb:94:in `run'
  /home/rita/.rvm/rubies/ruby-2.0.0-p353/lib/ruby/2.0.0/webrick/server.rb:295:in `block in start_thread'


  Rendered /home/rita/.rvm/gems/ruby-2.0.0-p353/gems/actionpack-4.0.1/lib/action_dispatch/middleware/templates/rescues/_trace.erb (1.6ms)
  Rendered /home/rita/.rvm/gems/ruby-2.0.0-p353/gems/actionpack-4.0.1/lib/action_dispatch/middleware/templates/routes/_route.html.erb (4.7ms)
  Rendered /home/rita/.rvm/gems/ruby-2.0.0-p353/gems/actionpack-4.0.1/lib/action_dispatch/middleware/templates/routes/_table.html.erb (7.2ms)
  Rendered /home/rita/.rvm/gems/ruby-2.0.0-p353/gems/actionpack-4.0.1/lib/action_dispatch/middleware/templates/rescues/routing_error.erb within rescues/layout (82.7ms)


Started GET "/quizzes" for 127.0.0.1 at 2014-01-22 22:07:59 +0100
  [1m[36mActiveRecord::SchemaMigration Load (0.2ms)[0m  [1mSELECT "schema_migrations".* FROM "schema_migrations"[0m
Processing by QuizzesController#index as HTML
  [1m[35mQuiz Load (0.2ms)[0m  SELECT "quizzes".* FROM "quizzes"
  Rendered quizzes/index.html.erb within layouts/application (2.8ms)
Completed 500 Internal Server Error in 120ms

ActionView::Template::Error (Missing partial layouts/user_widget with {:locale=>[:en], :formats=>[:html], :handlers=>[:erb, :builder, :raw, :ruby, :jbuilder, :coffee]}. Searched in:
  * "/home/rita/Scrivania/zoo/app/views"
  * "/home/rita/.rvm/gems/ruby-2.0.0-p353/gems/devise-3.2.2/app/views"
):
    15: 
    16:   <%= yield %>
    17: 
    18:   <%= render 'layouts/user_widget' %>
    19: 
    20: </body>
    21: </html>
  app/views/layouts/application.html.erb:18:in `_app_views_layouts_application_html_erb__3063192394301339383_70022631601000'


  Rendered /home/rita/.rvm/gems/ruby-2.0.0-p353/gems/actionpack-4.0.1/lib/action_dispatch/middleware/templates/rescues/_trace.erb (1.8ms)
  Rendered /home/rita/.rvm/gems/ruby-2.0.0-p353/gems/actionpack-4.0.1/lib/action_dispatch/middleware/templates/rescues/_request_and_response.erb (3.3ms)
  Rendered /home/rita/.rvm/gems/ruby-2.0.0-p353/gems/actionpack-4.0.1/lib/action_dispatch/middleware/templates/rescues/template_error.erb within rescues/layout (23.2ms)


Started GET "/quizzes" for 127.0.0.1 at 2014-01-22 22:09:14 +0100
  [1m[36mActiveRecord::SchemaMigration Load (0.3ms)[0m  [1mSELECT "schema_migrations".* FROM "schema_migrations"[0m
Processing by QuizzesController#index as HTML
  [1m[35mQuiz Load (0.2ms)[0m  SELECT "quizzes".* FROM "quizzes"
  Rendered quizzes/index.html.erb within layouts/application (2.8ms)
Completed 500 Internal Server Error in 112ms

ActionView::Template::Error (Missing partial layouts/user_widget with {:locale=>[:en], :formats=>[:html], :handlers=>[:erb, :builder, :raw, :ruby, :jbuilder, :coffee]}. Searched in:
  * "/home/rita/Scrivania/zoo/app/views"
  * "/home/rita/.rvm/gems/ruby-2.0.0-p353/gems/devise-3.2.2/app/views"
):
    15: 
    16:   <%= yield %>
    17: 
    18:   <%= render 'layouts/user_widget' %>
    19: 
    20: </body>
    21: </html>
  app/views/layouts/application.html.erb:18:in `_app_views_layouts_application_html_erb__1436782471295819832_70083801331120'


  Rendered /home/rita/.rvm/gems/ruby-2.0.0-p353/gems/actionpack-4.0.1/lib/action_dispatch/middleware/templates/rescues/_trace.erb (1.6ms)
  Rendered /home/rita/.rvm/gems/ruby-2.0.0-p353/gems/actionpack-4.0.1/lib/action_dispatch/middleware/templates/rescues/_request_and_response.erb (1.7ms)
  Rendered /home/rita/.rvm/gems/ruby-2.0.0-p353/gems/actionpack-4.0.1/lib/action_dispatch/middleware/templates/rescues/template_error.erb within rescues/layout (14.1ms)


Started GET "/quizzes" for 127.0.0.1 at 2014-01-22 22:09:17 +0100
Processing by QuizzesController#index as HTML
  [1m[36mQuiz Load (0.3ms)[0m  [1mSELECT "quizzes".* FROM "quizzes"[0m
  Rendered quizzes/index.html.erb within layouts/application (1.4ms)
Completed 500 Internal Server Error in 44ms

ActionView::Template::Error (Missing partial layouts/user_widget with {:locale=>[:en], :formats=>[:html], :handlers=>[:erb, :builder, :raw, :ruby, :jbuilder, :coffee]}. Searched in:
  * "/home/rita/Scrivania/zoo/app/views"
  * "/home/rita/.rvm/gems/ruby-2.0.0-p353/gems/devise-3.2.2/app/views"
):
    15: 
    16:   <%= yield %>
    17: 
    18:   <%= render 'layouts/user_widget' %>
    19: 
    20: </body>
    21: </html>
  app/views/layouts/application.html.erb:18:in `_app_views_layouts_application_html_erb__1436782471295819832_70083801331120'


  Rendered /home/rita/.rvm/gems/ruby-2.0.0-p353/gems/actionpack-4.0.1/lib/action_dispatch/middleware/templates/rescues/_trace.erb (1.6ms)
  Rendered /home/rita/.rvm/gems/ruby-2.0.0-p353/gems/actionpack-4.0.1/lib/action_dispatch/middleware/templates/rescues/_request_and_response.erb (1.2ms)
  Rendered /home/rita/.rvm/gems/ruby-2.0.0-p353/gems/actionpack-4.0.1/lib/action_dispatch/middleware/templates/rescues/template_error.erb within rescues/layout (12.9ms)


Started GET "/quizzes" for 127.0.0.1 at 2014-01-22 22:09:53 +0100
  [1m[36mActiveRecord::SchemaMigration Load (0.2ms)[0m  [1mSELECT "schema_migrations".* FROM "schema_migrations"[0m
Processing by QuizzesController#index as HTML
  [1m[35mQuiz Load (0.2ms)[0m  SELECT "quizzes".* FROM "quizzes"
  Rendered quizzes/index.html.erb within layouts/application (2.9ms)
Completed 500 Internal Server Error in 113ms

ActionView::Template::Error (Missing partial layouts/user_widget with {:locale=>[:en], :formats=>[:html], :handlers=>[:erb, :builder, :raw, :ruby, :jbuilder, :coffee]}. Searched in:
  * "/home/rita/Scrivania/zoo/app/views"
  * "/home/rita/.rvm/gems/ruby-2.0.0-p353/gems/devise-3.2.2/app/views"
):
    14: 
    15:   <%= yield %>
    16: 
    17:   <%= render 'layouts/user_widget' %>
    18: 
    19: </body>
    20: </html>
  app/views/layouts/application.html.erb:17:in `_app_views_layouts_application_html_erb___2165997184154245082_70149366691340'


  Rendered /home/rita/.rvm/gems/ruby-2.0.0-p353/gems/actionpack-4.0.1/lib/action_dispatch/middleware/templates/rescues/_trace.erb (1.6ms)
  Rendered /home/rita/.rvm/gems/ruby-2.0.0-p353/gems/actionpack-4.0.1/lib/action_dispatch/middleware/templates/rescues/_request_and_response.erb (2.1ms)
  Rendered /home/rita/.rvm/gems/ruby-2.0.0-p353/gems/actionpack-4.0.1/lib/action_dispatch/middleware/templates/rescues/template_error.erb within rescues/layout (14.3ms)


Started GET "/quizzes" for 127.0.0.1 at 2014-01-22 22:15:02 +0100
  [1m[36mActiveRecord::SchemaMigration Load (0.2ms)[0m  [1mSELECT "schema_migrations".* FROM "schema_migrations"[0m
Processing by QuizzesController#index as HTML
  [1m[35mQuiz Load (0.2ms)[0m  SELECT "quizzes".* FROM "quizzes"
  Rendered quizzes/index.html.erb within layouts/application (2.9ms)
Completed 500 Internal Server Error in 114ms

ActionView::Template::Error (Missing partial layouts/user_widget with {:locale=>[:en], :formats=>[:html], :handlers=>[:erb, :builder, :raw, :ruby, :jbuilder, :coffee]}. Searched in:
  * "/home/rita/Scrivania/zoo/app/views"
  * "/home/rita/.rvm/gems/ruby-2.0.0-p353/gems/devise-3.2.2/app/views"
):
    14: 
    15:   <%= yield %>
    16: 
    17:   <%= render :partial => 'layouts/user_widget' %>
    18: 
    19: </body>
    20: </html>
  app/views/layouts/application.html.erb:17:in `_app_views_layouts_application_html_erb___2226891469387080621_69903882466720'


  Rendered /home/rita/.rvm/gems/ruby-2.0.0-p353/gems/actionpack-4.0.1/lib/action_dispatch/middleware/templates/rescues/_trace.erb (1.9ms)
  Rendered /home/rita/.rvm/gems/ruby-2.0.0-p353/gems/actionpack-4.0.1/lib/action_dispatch/middleware/templates/rescues/_request_and_response.erb (1.5ms)
  Rendered /home/rita/.rvm/gems/ruby-2.0.0-p353/gems/actionpack-4.0.1/lib/action_dispatch/middleware/templates/rescues/template_error.erb within rescues/layout (14.5ms)


Started GET "/quizzes" for 127.0.0.1 at 2014-01-22 22:15:47 +0100
  [1m[36mActiveRecord::SchemaMigration Load (0.2ms)[0m  [1mSELECT "schema_migrations".* FROM "schema_migrations"[0m
Processing by QuizzesController#index as HTML
  [1m[35mQuiz Load (0.2ms)[0m  SELECT "quizzes".* FROM "quizzes"
  Rendered quizzes/index.html.erb within layouts/application (3.1ms)
Completed 500 Internal Server Error in 115ms

ActionView::Template::Error (Missing partial layouts/user_widget with {:locale=>[:en], :formats=>[:html], :handlers=>[:erb, :builder, :raw, :ruby, :jbuilder, :coffee]}. Searched in:
  * "/home/rita/Scrivania/zoo/app/views"
  * "/home/rita/.rvm/gems/ruby-2.0.0-p353/gems/devise-3.2.2/app/views"
):
    14: 
    15:   <%= yield %>
    16: 
    17:   <%= render :partial => 'layouts/user_widget' %>
    18: 
    19: </body>
    20: </html>
  app/views/layouts/application.html.erb:17:in `_app_views_layouts_application_html_erb___1061640728588415704_69967736550640'


  Rendered /home/rita/.rvm/gems/ruby-2.0.0-p353/gems/actionpack-4.0.1/lib/action_dispatch/middleware/templates/rescues/_trace.erb (1.9ms)
  Rendered /home/rita/.rvm/gems/ruby-2.0.0-p353/gems/actionpack-4.0.1/lib/action_dispatch/middleware/templates/rescues/_request_and_response.erb (1.7ms)
  Rendered /home/rita/.rvm/gems/ruby-2.0.0-p353/gems/actionpack-4.0.1/lib/action_dispatch/middleware/templates/rescues/template_error.erb within rescues/layout (14.7ms)


Started GET "/quizzes" for 127.0.0.1 at 2014-01-22 22:19:57 +0100
  [1m[36mActiveRecord::SchemaMigration Load (0.2ms)[0m  [1mSELECT "schema_migrations".* FROM "schema_migrations"[0m
Processing by QuizzesController#index as HTML
  [1m[35mQuiz Load (0.2ms)[0m  SELECT "quizzes".* FROM "quizzes"
  Rendered quizzes/index.html.erb within layouts/application (3.0ms)
  Rendered layouts/_user_widget.html.erb (12.1ms)
Completed 200 OK in 132ms (Views: 99.5ms | ActiveRecord: 0.2ms)


Started GET "/assets/application.css?body=1" for 127.0.0.1 at 2014-01-22 22:19:57 +0100


Started GET "/assets/animals.css?body=1" for 127.0.0.1 at 2014-01-22 22:19:57 +0100


Started GET "/assets/quizzes.css?body=1" for 127.0.0.1 at 2014-01-22 22:19:57 +0100


Started GET "/assets/jquery.js?body=1" for 127.0.0.1 at 2014-01-22 22:19:57 +0100


Started GET "/assets/scaffolds.css?body=1" for 127.0.0.1 at 2014-01-22 22:19:57 +0100


Started GET "/assets/jquery_ujs.js?body=1" for 127.0.0.1 at 2014-01-22 22:19:57 +0100


Started GET "/assets/animals.js?body=1" for 127.0.0.1 at 2014-01-22 22:19:57 +0100


Started GET "/assets/turbolinks.js?body=1" for 127.0.0.1 at 2014-01-22 22:19:57 +0100


Started GET "/assets/quizzes.js?body=1" for 127.0.0.1 at 2014-01-22 22:19:57 +0100


Started GET "/assets/users.js?body=1" for 127.0.0.1 at 2014-01-22 22:19:57 +0100


Started GET "/assets/application.js?body=1" for 127.0.0.1 at 2014-01-22 22:19:57 +0100


Started GET "/users/sign_in" for 127.0.0.1 at 2014-01-22 22:20:14 +0100
Processing by Devise::SessionsController#new as HTML
  Rendered /home/rita/.rvm/gems/ruby-2.0.0-p353/gems/devise-3.2.2/app/views/devise/shared/_links.erb (2.3ms)
  Rendered /home/rita/.rvm/gems/ruby-2.0.0-p353/gems/devise-3.2.2/app/views/devise/sessions/new.html.erb within layouts/application (88.5ms)
  Rendered layouts/_user_widget.html.erb (0.6ms)
Completed 200 OK in 156ms (Views: 125.7ms | ActiveRecord: 0.6ms)
  [1m[36mUser Load (1.8ms)[0m  [1mSELECT "users".* FROM "users"[0m
